<?xml version="1.0" encoding="UTF-8"?>
<coverage generated="1777318411296" clover="3.2.0">
  <project timestamp="1777318411296" name="All files">
    <metrics statements="24" coveredstatements="24" conditionals="8" coveredconditionals="8" methods="9" coveredmethods="9" elements="41" coveredelements="41" complexity="0" loc="24" ncloc="24" packages="4" files="5" classes="5"/>
    <package name="repositories.in-memory">
      <metrics statements="7" coveredstatements="7" conditionals="2" coveredconditionals="2" methods="3" coveredmethods="3"/>
      <file name="in-memory-users-repository.ts" path="/Users/marcusviniciussilvacosta/Documents/www/github/devgym/src/repositories/in-memory/in-memory-users-repository.ts">
        <metrics statements="7" coveredstatements="7" conditionals="2" coveredconditionals="2" methods="3" coveredmethods="3"/>
        <line num="6" count="6" type="stmt"/>
        <line num="9" count="7" type="stmt"/>
        <line num="11" count="7" type="cond" truecount="2" falsecount="0"/>
        <line num="13" count="3" type="stmt"/>
        <line num="17" count="5" type="stmt"/>
        <line num="25" count="5" type="stmt"/>
        <line num="27" count="5" type="stmt"/>
      </file>
    </package>
    <package name="use-cases.authenticate">
      <metrics statements="8" coveredstatements="8" conditionals="4" coveredconditionals="4" methods="2" coveredmethods="2"/>
      <file name="index.ts" path="/Users/marcusviniciussilvacosta/Documents/www/github/devgym/src/use-cases/authenticate/index.ts">
        <metrics statements="8" coveredstatements="8" conditionals="4" coveredconditionals="4" methods="2" coveredmethods="2"/>
        <line num="7" count="3" type="stmt"/>
        <line num="13" count="3" type="stmt"/>
        <line num="15" count="3" type="cond" truecount="2" falsecount="0"/>
        <line num="16" count="1" type="stmt"/>
        <line num="19" count="2" type="stmt"/>
        <line num="21" count="2" type="cond" truecount="2" falsecount="0"/>
        <line num="22" count="1" type="stmt"/>
        <line num="25" count="1" type="stmt"/>
      </file>
    </package>
    <package name="use-cases.errors">
      <metrics statements="2" coveredstatements="2" conditionals="0" coveredconditionals="0" methods="2" coveredmethods="2"/>
      <file name="invalid-credentials-error.ts" path="/Users/marcusviniciussilvacosta/Documents/www/github/devgym/src/use-cases/errors/invalid-credentials-error.ts">
        <metrics statements="1" coveredstatements="1" conditionals="0" coveredconditionals="0" methods="1" coveredmethods="1"/>
        <line num="3" count="2" type="stmt"/>
      </file>
      <file name="user-already-exists-error.ts" path="/Users/marcusviniciussilvacosta/Documents/www/github/devgym/src/use-cases/errors/user-already-exists-error.ts">
        <metrics statements="1" coveredstatements="1" conditionals="0" coveredconditionals="0" methods="1" coveredmethods="1"/>
        <line num="3" count="1" type="stmt"/>
      </file>
    </package>
    <package name="use-cases.register">
      <metrics statements="7" coveredstatements="7" conditionals="2" coveredconditionals="2" methods="2" coveredmethods="2"/>
      <file name="index.ts" path="/Users/marcusviniciussilvacosta/Documents/www/github/devgym/src/use-cases/register/index.ts">
        <metrics statements="7" coveredstatements="7" conditionals="2" coveredconditionals="2" methods="2" coveredmethods="2"/>
        <line num="7" count="3" type="stmt"/>
        <line num="14" count="4" type="stmt"/>
        <line num="16" count="4" type="stmt"/>
        <line num="18" count="4" type="cond" truecount="2" falsecount="0"/>
        <line num="19" count="1" type="stmt"/>
        <line num="22" count="3" type="stmt"/>
        <line num="28" count="3" type="stmt"/>
      </file>
    </package>
  </project>
</coverage>
