{"/Users/marcusviniciussilvacosta/Documents/www/github/devgym/src/repositories/in-memory/in-memory-users-repository.ts": {"path":"/Users/marcusviniciussilvacosta/Documents/www/github/devgym/src/repositories/in-memory/in-memory-users-repository.ts","statementMap":{"0":{"start":{"line":6,"column":28},"end":{"line":6,"column":null}},"1":{"start":{"line":9,"column":15},"end":{"line":9,"column":66}},"2":{"start":{"line":9,"column":45},"end":{"line":9,"column":66}},"3":{"start":{"line":11,"column":2},"end":{"line":11,"column":null}},"4":{"start":{"line":11,"column":13},"end":{"line":11,"column":null}},"5":{"start":{"line":13,"column":2},"end":{"line":13,"column":null}},"6":{"start":{"line":17,"column":15},"end":{"line":23,"column":null}},"7":{"start":{"line":25,"column":2},"end":{"line":25,"column":null}},"8":{"start":{"line":27,"column":2},"end":{"line":27,"column":null}}},"fnMap":{"0":{"name":"(anonymous_0)","decl":{"start":{"line":8,"column":7},"end":{"line":8,"column":19}},"loc":{"start":{"line":8,"column":34},"end":{"line":13,"column":null}},"line":8},"1":{"name":"(anonymous_1)","decl":{"start":{"line":9,"column":30},"end":{"line":9,"column":36}},"loc":{"start":{"line":9,"column":45},"end":{"line":9,"column":66}},"line":9},"2":{"name":"(anonymous_2)","decl":{"start":{"line":16,"column":7},"end":{"line":16,"column":14}},"loc":{"start":{"line":16,"column":37},"end":{"line":27,"column":null}},"line":16}},"branchMap":{"0":{"loc":{"start":{"line":11,"column":2},"end":{"line":11,"column":null}},"type":"if","locations":[{"start":{"line":11,"column":2},"end":{"line":11,"column":null}},{"start":{},"end":{}}],"line":11}},"s":{"0":6,"1":7,"2":3,"3":7,"4":4,"5":3,"6":5,"7":5,"8":5},"f":{"0":7,"1":3,"2":5},"b":{"0":[4,3]},"meta":{"lastBranch":1,"lastFunction":3,"lastStatement":9,"seen":{"s:6:28:6:Infinity":0,"f:8:7:8:19":0,"s:9:15:9:66":1,"f:9:30:9:36":1,"s:9:45:9:66":2,"b:11:2:11:Infinity:undefined:undefined:undefined:undefined":0,"s:11:2:11:Infinity":3,"s:11:13:11:Infinity":4,"s:13:2:13:Infinity":5,"f:16:7:16:14":2,"s:17:15:23:Infinity":6,"s:25:2:25:Infinity":7,"s:27:2:27:Infinity":8}}}
,"/Users/marcusviniciussilvacosta/Documents/www/github/devgym/src/use-cases/authenticate/index.ts": {"path":"/Users/marcusviniciussilvacosta/Documents/www/github/devgym/src/use-cases/authenticate/index.ts","statementMap":{"0":{"start":{"line":7,"column":21},"end":{"line":7,"column":55}},"1":{"start":{"line":13,"column":15},"end":{"line":13,"column":59}},"2":{"start":{"line":15,"column":2},"end":{"line":16,"column":null}},"3":{"start":{"line":16,"column":3},"end":{"line":16,"column":null}},"4":{"start":{"line":19,"column":30},"end":{"line":19,"column":73}},"5":{"start":{"line":21,"column":2},"end":{"line":22,"column":null}},"6":{"start":{"line":22,"column":3},"end":{"line":22,"column":null}},"7":{"start":{"line":25,"column":2},"end":{"line":27,"column":null}}},"fnMap":{"0":{"name":"(anonymous_0)","decl":{"start":{"line":7,"column":1},"end":{"line":7,"column":13}},"loc":{"start":{"line":7,"column":55},"end":{"line":7,"column":55}},"line":7},"1":{"name":"(anonymous_1)","decl":{"start":{"line":9,"column":7},"end":{"line":9,"column":15}},"loc":{"start":{"line":12,"column":58},"end":{"line":27,"column":null}},"line":12}},"branchMap":{"0":{"loc":{"start":{"line":15,"column":2},"end":{"line":16,"column":null}},"type":"if","locations":[{"start":{"line":15,"column":2},"end":{"line":16,"column":null}},{"start":{},"end":{}}],"line":15},"1":{"loc":{"start":{"line":21,"column":2},"end":{"line":22,"column":null}},"type":"if","locations":[{"start":{"line":21,"column":2},"end":{"line":22,"column":null}},{"start":{},"end":{}}],"line":21}},"s":{"0":3,"1":3,"2":3,"3":1,"4":2,"5":2,"6":1,"7":1},"f":{"0":3,"1":3},"b":{"0":[1,2],"1":[1,1]},"meta":{"lastBranch":2,"lastFunction":2,"lastStatement":8,"seen":{"f:7:1:7:13":0,"s:7:21:7:55":0,"f:9:7:9:15":1,"s:13:15:13:59":1,"b:15:2:16:Infinity:undefined:undefined:undefined:undefined":0,"s:15:2:16:Infinity":2,"s:16:3:16:Infinity":3,"s:19:30:19:73":4,"b:21:2:22:Infinity:undefined:undefined:undefined:undefined":1,"s:21:2:22:Infinity":5,"s:22:3:22:Infinity":6,"s:25:2:27:Infinity":7}}}
,"/Users/marcusviniciussilvacosta/Documents/www/github/devgym/src/use-cases/errors/invalid-credentials-error.ts": {"path":"/Users/marcusviniciussilvacosta/Documents/www/github/devgym/src/use-cases/errors/invalid-credentials-error.ts","statementMap":{"0":{"start":{"line":3,"column":2},"end":{"line":3,"column":null}}},"fnMap":{"0":{"name":"(anonymous_0)","decl":{"start":{"line":2,"column":1},"end":{"line":2,"column":15}},"loc":{"start":{"line":2,"column":15},"end":{"line":3,"column":null}},"line":2}},"branchMap":{},"s":{"0":2},"f":{"0":2},"b":{},"meta":{"lastBranch":0,"lastFunction":1,"lastStatement":1,"seen":{"f:2:1:2:15":0,"s:3:2:3:Infinity":0}}}
,"/Users/marcusviniciussilvacosta/Documents/www/github/devgym/src/use-cases/errors/user-already-exists-error.ts": {"path":"/Users/marcusviniciussilvacosta/Documents/www/github/devgym/src/use-cases/errors/user-already-exists-error.ts","statementMap":{"0":{"start":{"line":3,"column":2},"end":{"line":3,"column":null}}},"fnMap":{"0":{"name":"(anonymous_0)","decl":{"start":{"line":2,"column":1},"end":{"line":2,"column":15}},"loc":{"start":{"line":2,"column":15},"end":{"line":3,"column":null}},"line":2}},"branchMap":{},"s":{"0":1},"f":{"0":1},"b":{},"meta":{"lastBranch":0,"lastFunction":1,"lastStatement":1,"seen":{"f:2:1:2:15":0,"s:3:2:3:Infinity":0}}}
,"/Users/marcusviniciussilvacosta/Documents/www/github/devgym/src/use-cases/register/index.ts": {"path":"/Users/marcusviniciussilvacosta/Documents/www/github/devgym/src/use-cases/register/index.ts","statementMap":{"0":{"start":{"line":7,"column":21},"end":{"line":7,"column":56}},"1":{"start":{"line":14,"column":24},"end":{"line":14,"column":47}},"2":{"start":{"line":16,"column":28},"end":{"line":16,"column":73}},"3":{"start":{"line":18,"column":2},"end":{"line":19,"column":null}},"4":{"start":{"line":19,"column":3},"end":{"line":19,"column":null}},"5":{"start":{"line":22,"column":15},"end":{"line":26,"column":4}},"6":{"start":{"line":28,"column":2},"end":{"line":28,"column":null}}},"fnMap":{"0":{"name":"(anonymous_0)","decl":{"start":{"line":7,"column":1},"end":{"line":7,"column":13}},"loc":{"start":{"line":7,"column":56},"end":{"line":7,"column":56}},"line":7},"1":{"name":"(anonymous_1)","decl":{"start":{"line":9,"column":7},"end":{"line":9,"column":15}},"loc":{"start":{"line":13,"column":57},"end":{"line":28,"column":null}},"line":13}},"branchMap":{"0":{"loc":{"start":{"line":18,"column":2},"end":{"line":19,"column":null}},"type":"if","locations":[{"start":{"line":18,"column":2},"end":{"line":19,"column":null}},{"start":{},"end":{}}],"line":18}},"s":{"0":3,"1":4,"2":4,"3":4,"4":1,"5":3,"6":3},"f":{"0":3,"1":4},"b":{"0":[1,3]},"meta":{"lastBranch":1,"lastFunction":2,"lastStatement":7,"seen":{"f:7:1:7:13":0,"s:7:21:7:56":0,"f:9:7:9:15":1,"s:14:24:14:47":1,"s:16:28:16:73":2,"b:18:2:19:Infinity:undefined:undefined:undefined:undefined":0,"s:18:2:19:Infinity":3,"s:19:3:19:Infinity":4,"s:22:15:26:4":5,"s:28:2:28:Infinity":6}}}
}
